# ===== R13L v6.0 =====
## __Economy Category__:
> - Randomized chances of Fishing Rod breaking 
> - Fixed `!rob` to show decimals only and added chances of failing and capped rob off to **40%** 
> - Fixed a bug where `!shop` shows "This Interaction Failed" 
> - Fixed transaction commands and income commands delay 
## __Tools Category__:
> - NEW `!roblox-search` command to search Roblox users 
> - NEW `!google-search` command to search through Google 
> - NEW `!song-search` command to search through Spotify
> -# - This will take **~50 mins** to register
> - Fixed a embed bug in `!yt-search`
## __Moderator Category__:
> - Fixed `!purge` from crashing when used and provided normal error messages
## __Other__:
> - All reply commands now mention the user which used the command
............................
-# - **R13L will soon have its own customized hosting console app written in C++!**
-# - R13L Official Server: <https://discord.gg/GwGvbQGuzj>
||@everyone @here||